<?xml version="1.0" encoding="UTF-8"?>
<testng-results total="1" passed="1" failed="0" skipped="0">
  <reporter-output>
  </reporter-output>
  <suite started-at="2018-07-24T12:30:21Z" name="Suite" finished-at="2018-07-24T12:30:28Z" duration-ms="7316">
    <groups>
    </groups>
    <test started-at="2018-07-24T12:30:21Z" name="Test" finished-at="2018-07-24T12:30:28Z" duration-ms="7316">
      <class name="oops.ExcelRetrieval">
        <test-method signature="instantiateDriver()[pri:0, instance:oops.ExcelRetrieval@70325e14]" started-at="2018-07-24T18:00:21Z" name="instantiateDriver" finished-at="2018-07-24T18:00:28Z" duration-ms="7308" status="PASS">
          <reporter-output>
          </reporter-output>
        </test-method> <!-- instantiateDriver -->
      </class> <!-- oops.ExcelRetrieval -->
    </test> <!-- Test -->
  </suite> <!-- Suite -->
</testng-results>
