<?xml version="1.0" encoding="UTF-8"?>
<testng-results skipped="0" failed="0" total="1" passed="1">
  <reporter-output>
  </reporter-output>
  <suite name="Suite" duration-ms="9900" started-at="2018-07-23T12:06:16Z" finished-at="2018-07-23T12:06:26Z">
    <groups>
    </groups>
    <test name="Test" duration-ms="9900" started-at="2018-07-23T12:06:16Z" finished-at="2018-07-23T12:06:26Z">
      <class name="oops.ExcelRetrieval">
        <test-method status="PASS" signature="instantiateDriver()[pri:0, instance:oops.ExcelRetrieval@61dc03ce]" name="instantiateDriver" duration-ms="9893" started-at="2018-07-23T17:36:16Z" finished-at="2018-07-23T17:36:26Z">
          <reporter-output>
          </reporter-output>
        </test-method> <!-- instantiateDriver -->
      </class> <!-- oops.ExcelRetrieval -->
    </test> <!-- Test -->
  </suite> <!-- Suite -->
</testng-results>
